<?xml version="1.0" encoding="UTF-8"?>
<!-- Generated by org.testng.reporters.JUnitXMLReporter -->
<testsuite ignored="0" hostname="mindc1d399" failures="0" tests="10" name="Default test" time="92.802" errors="0" timestamp="2022-06-02T09:05:08 IST">
  <testcase classname="com.mindtree.runner.TestCase1" name="test1" time="2.968"/>
  <testcase classname="com.mindtree.runner.TestCase1" name="test2" time="2.785"/>
  <testcase classname="com.mindtree.runner.TestCase1" name="test3" time="5.471"/>
  <testcase classname="com.mindtree.runner.TestCase1" name="test4" time="5.178"/>
  <testcase classname="com.mindtree.runner.TestCase1" name="test5" time="1.354"/>
  <testcase classname="com.mindtree.runner.TestCase1" name="test6" time="3.762"/>
  <testcase classname="com.mindtree.runner.TestCase1" name="test7" time="11.727"/>
  <testcase classname="com.mindtree.runner.TestCase1" name="test8" time="5.719"/>
  <testcase classname="com.mindtree.runner.TestCase1" name="test9" time="8.026"/>
  <testcase classname="com.mindtree.runner.TestCase1" name="test10" time="11.861"/>
</testsuite> <!-- Default test -->
