<?xml version="1.0" encoding="UTF-8"?>
<testng-results ignored="0" total="10" passed="10" failed="0" skipped="0">
  <reporter-output>
    <line>
      <![CDATA[Setting up report and test is getting ready]]>
    </line>
    <line>
      <![CDATA[Setting done -Test can be started]]>
    </line>
    <line>
      <![CDATA[Test is about to end]]>
    </line>
    <line>
      <![CDATA[Test completed >>>Report generated]]>
    </line>
    <line>
      <![CDATA[Test is about to end]]>
    </line>
    <line>
      <![CDATA[Test completed >>>Report generated]]>
    </line>
    <line>
      <![CDATA[Test is about to end]]>
    </line>
    <line>
      <![CDATA[Test completed >>>Report generated]]>
    </line>
    <line>
      <![CDATA[Test is about to end]]>
    </line>
    <line>
      <![CDATA[Test completed >>>Report generated]]>
    </line>
    <line>
      <![CDATA[Test is about to end]]>
    </line>
    <line>
      <![CDATA[Test completed >>>Report generated]]>
    </line>
    <line>
      <![CDATA[Test is about to end]]>
    </line>
    <line>
      <![CDATA[Test completed >>>Report generated]]>
    </line>
    <line>
      <![CDATA[Test is about to end]]>
    </line>
    <line>
      <![CDATA[Test completed >>>Report generated]]>
    </line>
    <line>
      <![CDATA[Test is about to end]]>
    </line>
    <line>
      <![CDATA[Test completed >>>Report generated]]>
    </line>
    <line>
      <![CDATA[Test is about to end]]>
    </line>
    <line>
      <![CDATA[Test completed >>>Report generated]]>
    </line>
    <line>
      <![CDATA[Test is about to end]]>
    </line>
    <line>
      <![CDATA[Test completed >>>Report generated]]>
    </line>
  </reporter-output>
  <suite started-at="2022-06-02T09:03:35 IST" name="Default suite" finished-at="2022-06-02T09:05:08 IST" duration-ms="92802">
    <groups>
    </groups>
    <test started-at="2022-06-02T09:03:35 IST" name="Default test" finished-at="2022-06-02T09:05:08 IST" duration-ms="92802">
      <class name="com.mindtree.runner.TestCase1">
        <test-method is-config="true" signature="setUpSuit()[pri:0, instance:com.mindtree.runner.TestCase1@71def8f8]" started-at="2022-06-02T09:03:35 IST" name="setUpSuit" finished-at="2022-06-02T09:03:35 IST" duration-ms="489" status="PASS">
          <reporter-output>
            <line>
              <![CDATA[Setting up report and test is getting ready]]>
            </line>
            <line>
              <![CDATA[Setting done -Test can be started]]>
            </line>
          </reporter-output>
        </test-method> <!-- setUpSuit -->
        <test-method is-config="true" signature="setUp()[pri:0, instance:com.mindtree.runner.TestCase1@71def8f8]" started-at="2022-06-02T09:03:35 IST" name="setUp" finished-at="2022-06-02T09:03:51 IST" duration-ms="15505" status="PASS">
          <reporter-output>
          </reporter-output>
        </test-method> <!-- setUp -->
        <test-method signature="test1()[pri:1, instance:com.mindtree.runner.TestCase1@71def8f8]" started-at="2022-06-02T09:03:51 IST" name="test1" finished-at="2022-06-02T09:03:54 IST" duration-ms="2968" status="PASS">
          <reporter-output>
          </reporter-output>
        </test-method> <!-- test1 -->
        <test-method is-config="true" signature="tearDownM(org.testng.ITestResult)[pri:0, instance:com.mindtree.runner.TestCase1@71def8f8]" started-at="2022-06-02T09:03:54 IST" name="tearDownM" finished-at="2022-06-02T09:03:55 IST" duration-ms="828" status="PASS">
          <params>
            <param index="0">
              <value>
                <![CDATA[[TestResult name=test1 status=SUCCESS method=TestCase1.test1()[pri:1, instance:com.mindtree.runner.TestCase1@71def8f8] output={null}]]]>
              </value>
            </param>
          </params>
          <reporter-output>
            <line>
              <![CDATA[Test is about to end]]>
            </line>
            <line>
              <![CDATA[Test completed >>>Report generated]]>
            </line>
          </reporter-output>
        </test-method> <!-- tearDownM -->
        <test-method signature="test2()[pri:2, instance:com.mindtree.runner.TestCase1@71def8f8]" started-at="2022-06-02T09:03:55 IST" name="test2" finished-at="2022-06-02T09:03:57 IST" duration-ms="2785" status="PASS">
          <reporter-output>
          </reporter-output>
        </test-method> <!-- test2 -->
        <test-method is-config="true" signature="tearDownM(org.testng.ITestResult)[pri:0, instance:com.mindtree.runner.TestCase1@71def8f8]" started-at="2022-06-02T09:03:57 IST" name="tearDownM" finished-at="2022-06-02T09:03:58 IST" duration-ms="561" status="PASS">
          <params>
            <param index="0">
              <value>
                <![CDATA[[TestResult name=test2 status=SUCCESS method=TestCase1.test2()[pri:2, instance:com.mindtree.runner.TestCase1@71def8f8] output={null}]]]>
              </value>
            </param>
          </params>
          <reporter-output>
            <line>
              <![CDATA[Test is about to end]]>
            </line>
            <line>
              <![CDATA[Test completed >>>Report generated]]>
            </line>
          </reporter-output>
        </test-method> <!-- tearDownM -->
        <test-method signature="test3()[pri:3, instance:com.mindtree.runner.TestCase1@71def8f8]" started-at="2022-06-02T09:03:58 IST" name="test3" finished-at="2022-06-02T09:04:03 IST" duration-ms="5471" status="PASS">
          <reporter-output>
          </reporter-output>
        </test-method> <!-- test3 -->
        <test-method is-config="true" signature="tearDownM(org.testng.ITestResult)[pri:0, instance:com.mindtree.runner.TestCase1@71def8f8]" started-at="2022-06-02T09:04:03 IST" name="tearDownM" finished-at="2022-06-02T09:04:04 IST" duration-ms="337" status="PASS">
          <params>
            <param index="0">
              <value>
                <![CDATA[[TestResult name=test3 status=SUCCESS method=TestCase1.test3()[pri:3, instance:com.mindtree.runner.TestCase1@71def8f8] output={null}]]]>
              </value>
            </param>
          </params>
          <reporter-output>
            <line>
              <![CDATA[Test is about to end]]>
            </line>
            <line>
              <![CDATA[Test completed >>>Report generated]]>
            </line>
          </reporter-output>
        </test-method> <!-- tearDownM -->
        <test-method signature="test4()[pri:4, instance:com.mindtree.runner.TestCase1@71def8f8]" started-at="2022-06-02T09:04:04 IST" name="test4" finished-at="2022-06-02T09:04:09 IST" duration-ms="5178" status="PASS">
          <reporter-output>
          </reporter-output>
        </test-method> <!-- test4 -->
        <test-method is-config="true" signature="tearDownM(org.testng.ITestResult)[pri:0, instance:com.mindtree.runner.TestCase1@71def8f8]" started-at="2022-06-02T09:04:09 IST" name="tearDownM" finished-at="2022-06-02T09:04:09 IST" duration-ms="381" status="PASS">
          <params>
            <param index="0">
              <value>
                <![CDATA[[TestResult name=test4 status=SUCCESS method=TestCase1.test4()[pri:4, instance:com.mindtree.runner.TestCase1@71def8f8] output={null}]]]>
              </value>
            </param>
          </params>
          <reporter-output>
            <line>
              <![CDATA[Test is about to end]]>
            </line>
            <line>
              <![CDATA[Test completed >>>Report generated]]>
            </line>
          </reporter-output>
        </test-method> <!-- tearDownM -->
        <test-method signature="test5()[pri:5, instance:com.mindtree.runner.TestCase1@71def8f8]" started-at="2022-06-02T09:04:09 IST" name="test5" finished-at="2022-06-02T09:04:11 IST" duration-ms="1354" status="PASS">
          <reporter-output>
          </reporter-output>
        </test-method> <!-- test5 -->
        <test-method is-config="true" signature="tearDownM(org.testng.ITestResult)[pri:0, instance:com.mindtree.runner.TestCase1@71def8f8]" started-at="2022-06-02T09:04:11 IST" name="tearDownM" finished-at="2022-06-02T09:04:11 IST" duration-ms="602" status="PASS">
          <params>
            <param index="0">
              <value>
                <![CDATA[[TestResult name=test5 status=SUCCESS method=TestCase1.test5()[pri:5, instance:com.mindtree.runner.TestCase1@71def8f8] output={null}]]]>
              </value>
            </param>
          </params>
          <reporter-output>
            <line>
              <![CDATA[Test is about to end]]>
            </line>
            <line>
              <![CDATA[Test completed >>>Report generated]]>
            </line>
          </reporter-output>
        </test-method> <!-- tearDownM -->
        <test-method signature="test6()[pri:6, instance:com.mindtree.runner.TestCase1@71def8f8]" started-at="2022-06-02T09:04:11 IST" name="test6" finished-at="2022-06-02T09:04:15 IST" duration-ms="3762" status="PASS">
          <reporter-output>
          </reporter-output>
        </test-method> <!-- test6 -->
        <test-method is-config="true" signature="tearDownM(org.testng.ITestResult)[pri:0, instance:com.mindtree.runner.TestCase1@71def8f8]" started-at="2022-06-02T09:04:15 IST" name="tearDownM" finished-at="2022-06-02T09:04:16 IST" duration-ms="660" status="PASS">
          <params>
            <param index="0">
              <value>
                <![CDATA[[TestResult name=test6 status=SUCCESS method=TestCase1.test6()[pri:6, instance:com.mindtree.runner.TestCase1@71def8f8] output={null}]]]>
              </value>
            </param>
          </params>
          <reporter-output>
            <line>
              <![CDATA[Test is about to end]]>
            </line>
            <line>
              <![CDATA[Test completed >>>Report generated]]>
            </line>
          </reporter-output>
        </test-method> <!-- tearDownM -->
        <test-method signature="test7()[pri:7, instance:com.mindtree.runner.TestCase1@71def8f8]" started-at="2022-06-02T09:04:16 IST" name="test7" finished-at="2022-06-02T09:04:27 IST" duration-ms="11727" status="PASS">
          <reporter-output>
          </reporter-output>
        </test-method> <!-- test7 -->
        <test-method is-config="true" signature="tearDownM(org.testng.ITestResult)[pri:0, instance:com.mindtree.runner.TestCase1@71def8f8]" started-at="2022-06-02T09:04:27 IST" name="tearDownM" finished-at="2022-06-02T09:04:29 IST" duration-ms="1964" status="PASS">
          <params>
            <param index="0">
              <value>
                <![CDATA[[TestResult name=test7 status=SUCCESS method=TestCase1.test7()[pri:7, instance:com.mindtree.runner.TestCase1@71def8f8] output={null}]]]>
              </value>
            </param>
          </params>
          <reporter-output>
            <line>
              <![CDATA[Test is about to end]]>
            </line>
            <line>
              <![CDATA[Test completed >>>Report generated]]>
            </line>
          </reporter-output>
        </test-method> <!-- tearDownM -->
        <test-method signature="test8()[pri:8, instance:com.mindtree.runner.TestCase1@71def8f8]" started-at="2022-06-02T09:04:29 IST" name="test8" finished-at="2022-06-02T09:04:35 IST" duration-ms="5719" status="PASS">
          <reporter-output>
          </reporter-output>
        </test-method> <!-- test8 -->
        <test-method is-config="true" signature="tearDownM(org.testng.ITestResult)[pri:0, instance:com.mindtree.runner.TestCase1@71def8f8]" started-at="2022-06-02T09:04:35 IST" name="tearDownM" finished-at="2022-06-02T09:04:36 IST" duration-ms="1074" status="PASS">
          <params>
            <param index="0">
              <value>
                <![CDATA[[TestResult name=test8 status=SUCCESS method=TestCase1.test8()[pri:8, instance:com.mindtree.runner.TestCase1@71def8f8] output={null}]]]>
              </value>
            </param>
          </params>
          <reporter-output>
            <line>
              <![CDATA[Test is about to end]]>
            </line>
            <line>
              <![CDATA[Test completed >>>Report generated]]>
            </line>
          </reporter-output>
        </test-method> <!-- tearDownM -->
        <test-method signature="test9()[pri:9, instance:com.mindtree.runner.TestCase1@71def8f8]" started-at="2022-06-02T09:04:36 IST" name="test9" finished-at="2022-06-02T09:04:44 IST" duration-ms="8026" status="PASS">
          <reporter-output>
          </reporter-output>
        </test-method> <!-- test9 -->
        <test-method is-config="true" signature="tearDownM(org.testng.ITestResult)[pri:0, instance:com.mindtree.runner.TestCase1@71def8f8]" started-at="2022-06-02T09:04:44 IST" name="tearDownM" finished-at="2022-06-02T09:04:46 IST" duration-ms="1860" status="PASS">
          <params>
            <param index="0">
              <value>
                <![CDATA[[TestResult name=test9 status=SUCCESS method=TestCase1.test9()[pri:9, instance:com.mindtree.runner.TestCase1@71def8f8] output={null}]]]>
              </value>
            </param>
          </params>
          <reporter-output>
            <line>
              <![CDATA[Test is about to end]]>
            </line>
            <line>
              <![CDATA[Test completed >>>Report generated]]>
            </line>
          </reporter-output>
        </test-method> <!-- tearDownM -->
        <test-method signature="test10()[pri:10, instance:com.mindtree.runner.TestCase1@71def8f8]" started-at="2022-06-02T09:04:46 IST" name="test10" finished-at="2022-06-02T09:04:58 IST" duration-ms="11861" status="PASS">
          <reporter-output>
          </reporter-output>
        </test-method> <!-- test10 -->
        <test-method is-config="true" signature="tearDownM(org.testng.ITestResult)[pri:0, instance:com.mindtree.runner.TestCase1@71def8f8]" started-at="2022-06-02T09:04:58 IST" name="tearDownM" finished-at="2022-06-02T09:04:59 IST" duration-ms="910" status="PASS">
          <params>
            <param index="0">
              <value>
                <![CDATA[[TestResult name=test10 status=SUCCESS method=TestCase1.test10()[pri:10, instance:com.mindtree.runner.TestCase1@71def8f8] output={null}]]]>
              </value>
            </param>
          </params>
          <reporter-output>
            <line>
              <![CDATA[Test is about to end]]>
            </line>
            <line>
              <![CDATA[Test completed >>>Report generated]]>
            </line>
          </reporter-output>
        </test-method> <!-- tearDownM -->
        <test-method is-config="true" signature="tearDown()[pri:0, instance:com.mindtree.runner.TestCase1@71def8f8]" started-at="2022-06-02T09:04:59 IST" name="tearDown" finished-at="2022-06-02T09:05:08 IST" duration-ms="9142" status="PASS">
          <reporter-output>
          </reporter-output>
        </test-method> <!-- tearDown -->
      </class> <!-- com.mindtree.runner.TestCase1 -->
    </test> <!-- Default test -->
  </suite> <!-- Default suite -->
</testng-results>
